{"sessionId":"99f4e2","runId":"pre-fix","hypothesisId":"H1","location":"app\/Http\/Controllers\/PiarController.php:storePeriodo1","message":"storePeriodo1 called","data":{"piar_id":6,"areas_count":1},"timestamp":1774012331741}
{"sessionId":"99f4e2","runId":"pre-fix","hypothesisId":"H-dup-create","location":"storePeriodo1:dupCheck","message":"existing adjustment found; will create duplicate unless fixed","data":{"piar_id":6,"period":1,"teacher_id":4,"area":"F\u00edsica","existingCount":3,"index":0},"timestamp":1774012331748}
{"sessionId":"99f4e2","runId":"pre-fix","hypothesisId":"H1","location":"app\/Http\/Controllers\/PiarController.php:storePeriodo1","message":"storePeriodo1 redirecting to periodos","data":{"to":"piar.periodos","piar_id":6},"timestamp":1774012331754}
{"sessionId":"99f4e2","runId":"pre-fix","hypothesisId":"H-create-1","location":"app\/Http\/Controllers\/PiarController.php:create","message":"PIAR create accessed by psico","data":{"student_id":5,"has_piar":true},"timestamp":1774366625926}
{"sessionId":"99f4e2","runId":"pre-fix","hypothesisId":"H-create-1","location":"app\/Http\/Controllers\/PiarController.php:create","message":"PIAR create accessed by psico","data":{"student_id":6,"has_piar":true},"timestamp":1774370519183}
{"sessionId":"99f4e2","runId":"pre-fix","hypothesisId":"H-create-1","location":"app\/Http\/Controllers\/PiarController.php:create","message":"PIAR create accessed by psico","data":{"student_id":1,"has_piar":false},"timestamp":1774547701892}
{"sessionId":"99f4e2","runId":"updated","hypothesisId":"H1","location":"app\/Http\/Controllers\/PiarController.php:storePeriodo1","message":"storePeriodo1 called","data":{"piar_id":1,"areas_count":1},"timestamp":1774548108743}
{"sessionId":"99f4e2","runId":"updated","hypothesisId":"H1","location":"storePeriodo1","message":"redirecting","data":{"piar_id":1},"timestamp":1774548108762}
{"sessionId":"99f4e2","runId":"updated","hypothesisId":"H1","location":"app\/Http\/Controllers\/PiarController.php:storePeriodo1","message":"storePeriodo1 called","data":{"piar_id":1,"areas_count":1},"timestamp":1774618591699}
{"sessionId":"99f4e2","runId":"updated","hypothesisId":"H1","location":"storePeriodo1","message":"redirecting","data":{"piar_id":1},"timestamp":1774618591774}
{"sessionId":"99f4e2","runId":"pre-fix","hypothesisId":"H2","location":"app\/Http\/Controllers\/PiarController.php:storeEvaluacion","message":"storeEvaluacion called","data":{"piar_id":1,"period":1,"rows":1},"timestamp":1774889497098}
{"sessionId":"99f4e2","runId":"pre-fix","hypothesisId":"H2","location":"app\/Http\/Controllers\/PiarController.php:storeEvaluacion","message":"storeEvaluacion redirecting to periodos","data":{"to":"piar.periodos","piar_id":1},"timestamp":1774889497107}
{"sessionId":"99f4e2","runId":"pre-fix","hypothesisId":"H1","location":"app\/Http\/Controllers\/PiarController.php:storePeriodo2","message":"storePeriodo2 called","data":{"piar_id":1,"areas_count":1},"timestamp":1774964627986}
{"sessionId":"99f4e2","runId":"pre-fix","hypothesisId":"H1","location":"app\/Http\/Controllers\/PiarController.php:storePeriodo2","message":"storePeriodo2 redirecting to periodos","data":{"to":"piar.periodos","piar_id":1},"timestamp":1774964628004}
{"sessionId":"99f4e2","runId":"pre-fix","hypothesisId":"H-create-1","location":"app\/Http\/Controllers\/PiarController.php:create","message":"PIAR create accessed by psico","data":{"student_id":6,"has_piar":false},"timestamp":1774965234430}
{"sessionId":"99f4e2","runId":"updated","hypothesisId":"H1","location":"app\/Http\/Controllers\/PiarController.php:storePeriodo1","message":"storePeriodo1 called","data":{"piar_id":2,"areas_count":1},"timestamp":1774965281311}
{"sessionId":"99f4e2","runId":"updated","hypothesisId":"H1","location":"storePeriodo1","message":"redirecting","data":{"piar_id":2},"timestamp":1774965281322}
{"sessionId":"99f4e2","runId":"pre-fix","hypothesisId":"H2","location":"app\/Http\/Controllers\/PiarController.php:storeEvaluacion","message":"storeEvaluacion called","data":{"piar_id":2,"period":1,"rows":1},"timestamp":1774965290258}
{"sessionId":"99f4e2","runId":"pre-fix","hypothesisId":"H2","location":"app\/Http\/Controllers\/PiarController.php:storeEvaluacion","message":"storeEvaluacion redirecting to periodos","data":{"to":"piar.periodos","piar_id":2},"timestamp":1774965290264}
{"sessionId":"99f4e2","runId":"pre-fix","hypothesisId":"H-create-1","location":"app\/Http\/Controllers\/PiarController.php:create","message":"PIAR create accessed by psico","data":{"student_id":6,"has_piar":true},"timestamp":1775483431725}
{"sessionId":"99f4e2","runId":"pre-fix","hypothesisId":"H-create-1","location":"app\/Http\/Controllers\/PiarController.php:create","message":"PIAR create accessed by psico","data":{"student_id":6,"has_piar":true},"timestamp":1775484271251}
{"sessionId":"99f4e2","runId":"pre-fix","hypothesisId":"H1","location":"app\/Http\/Controllers\/PiarController.php:storePeriodo2","message":"storePeriodo2 called","data":{"piar_id":1,"areas_count":1},"timestamp":1775487987283}
{"sessionId":"99f4e2","runId":"pre-fix","hypothesisId":"H1","location":"app\/Http\/Controllers\/PiarController.php:storePeriodo2","message":"storePeriodo2 redirecting to periodos","data":{"to":"piar.periodos","piar_id":1},"timestamp":1775487987304}
{"sessionId":"99f4e2","runId":"pre-fix","hypothesisId":"H1","location":"app\/Http\/Controllers\/PiarController.php:storePeriodo2","message":"storePeriodo2 called","data":{"piar_id":1,"areas_count":1},"timestamp":1775488016246}
{"sessionId":"99f4e2","runId":"pre-fix","hypothesisId":"H-dup-create","location":"storePeriodo2:dupCheck","message":"existing adjustment found; will create duplicate unless fixed","data":{"piar_id":1,"period":2,"teacher_id":5,"area":"Qu\u00edmica","existingCount":1,"index":0},"timestamp":1775488016251}
{"sessionId":"99f4e2","runId":"pre-fix","hypothesisId":"H1","location":"app\/Http\/Controllers\/PiarController.php:storePeriodo2","message":"storePeriodo2 called","data":{"piar_id":1,"areas_count":1},"timestamp":1775488125240}
{"sessionId":"99f4e2","runId":"pre-fix","hypothesisId":"H-dup-create","location":"storePeriodo2:dupCheck","message":"existing adjustment found; will create duplicate unless fixed","data":{"piar_id":1,"period":2,"teacher_id":5,"area":"Qu\u00edmica","existingCount":1,"index":0},"timestamp":1775488125247}
{"sessionId":"99f4e2","runId":"pre-fix","hypothesisId":"H1","location":"app\/Http\/Controllers\/PiarController.php:storePeriodo2","message":"storePeriodo2 called","data":{"piar_id":1,"areas_count":1},"timestamp":1775488129794}
{"sessionId":"99f4e2","runId":"pre-fix","hypothesisId":"H-dup-create","location":"storePeriodo2:dupCheck","message":"existing adjustment found; will create duplicate unless fixed","data":{"piar_id":1,"period":2,"teacher_id":5,"area":"Qu\u00edmica","existingCount":1,"index":0},"timestamp":1775488129799}
{"sessionId":"99f4e2","runId":"updated","hypothesisId":"H1","location":"app\/Http\/Controllers\/PiarController.php:storePeriodo1","message":"storePeriodo1 called","data":{"piar_id":2,"areas_count":1},"timestamp":1775501668291}
{"sessionId":"99f4e2","runId":"updated","hypothesisId":"H1","location":"storePeriodo1","message":"redirecting","data":{"piar_id":2},"timestamp":1775501668306}
{"sessionId":"99f4e2","runId":"pre-fix","hypothesisId":"H2","location":"app\/Http\/Controllers\/PiarController.php:storeEvaluacion","message":"storeEvaluacion called","data":{"piar_id":2,"period":1,"rows":1},"timestamp":1775501800415}
{"sessionId":"99f4e2","runId":"pre-fix","hypothesisId":"H2","location":"app\/Http\/Controllers\/PiarController.php:storeEvaluacion","message":"storeEvaluacion redirecting to periodos","data":{"to":"piar.periodos","piar_id":2},"timestamp":1775501800424}
{"sessionId":"99f4e2","runId":"pre-fix","hypothesisId":"H-create-1","location":"app\/Http\/Controllers\/PiarController.php:create","message":"PIAR create accessed by psico","data":{"student_id":6,"has_piar":true},"timestamp":1775568287700}
{"sessionId":"99f4e2","runId":"pre-fix","hypothesisId":"H-create-1","location":"app\/Http\/Controllers\/PiarController.php:create","message":"PIAR create accessed by psico","data":{"student_id":6,"has_piar":true},"timestamp":1775569493456}
{"sessionId":"99f4e2","runId":"pre-fix","hypothesisId":"H-create-1","location":"app\/Http\/Controllers\/PiarController.php:create","message":"PIAR create accessed by psico","data":{"student_id":6,"has_piar":true},"timestamp":1775569726494}
{"sessionId":"99f4e2","runId":"pre-fix","hypothesisId":"H-create-1","location":"app\/Http\/Controllers\/PiarController.php:create","message":"PIAR create accessed by psico","data":{"student_id":6,"has_piar":true},"timestamp":1775569865610}
{"sessionId":"99f4e2","runId":"pre-fix","hypothesisId":"H-create-1","location":"app\/Http\/Controllers\/PiarController.php:create","message":"PIAR create accessed by psico","data":{"student_id":6,"has_piar":true},"timestamp":1775586949336}
{"sessionId":"99f4e2","runId":"pre-fix","hypothesisId":"H-create-1","location":"app\/Http\/Controllers\/PiarController.php:create","message":"PIAR create accessed by psico","data":{"student_id":5,"has_piar":false},"timestamp":1775831549936}
{"sessionId":"99f4e2","runId":"updated","hypothesisId":"H1","location":"app\/Http\/Controllers\/PiarController.php:storePeriodo1","message":"storePeriodo1 called","data":{"piar_id":2,"areas_count":1},"timestamp":1776096621450}
{"sessionId":"99f4e2","runId":"updated","hypothesisId":"H-dup-create","location":"storePeriodo1:dupCheck","message":"existing adjustment found","data":{"piar_id":2,"period":1,"teacher_id":5,"area":"Qu\u00edmica","existingCount":1,"index":0},"timestamp":1776096621460}
{"sessionId":"99f4e2","runId":"updated","hypothesisId":"H1","location":"app\/Http\/Controllers\/PiarController.php:storePeriodo1","message":"storePeriodo1 called","data":{"piar_id":2,"areas_count":1},"timestamp":1776098880058}
{"sessionId":"99f4e2","runId":"updated","hypothesisId":"H-dup-create","location":"storePeriodo1:dupCheck","message":"existing adjustment found","data":{"piar_id":2,"period":1,"teacher_id":5,"area":"Qu\u00edmica","existingCount":1,"index":0},"timestamp":1776098880066}
{"sessionId":"99f4e2","runId":"updated","hypothesisId":"H1","location":"app\/Http\/Controllers\/PiarController.php:storePeriodo1","message":"storePeriodo1 called","data":{"piar_id":2,"areas_count":1},"timestamp":1776166438751}
{"sessionId":"99f4e2","runId":"updated","hypothesisId":"H-dup-create","location":"storePeriodo1:dupCheck","message":"existing adjustment found","data":{"piar_id":2,"period":1,"teacher_id":5,"area":"Qu\u00edmica","existingCount":1,"index":0},"timestamp":1776166438762}
{"sessionId":"99f4e2","runId":"updated","hypothesisId":"H1","location":"storePeriodo1","message":"redirecting","data":{"piar_id":2},"timestamp":1776166438770}
{"sessionId":"99f4e2","runId":"updated","hypothesisId":"H1","location":"app\/Http\/Controllers\/PiarController.php:storePeriodo1","message":"storePeriodo1 called","data":{"piar_id":2,"areas_count":1},"timestamp":1776252990955}
{"sessionId":"99f4e2","runId":"updated","hypothesisId":"H-dup-create","location":"storePeriodo1:dupCheck","message":"existing adjustment found","data":{"piar_id":2,"period":1,"teacher_id":5,"area":"Qu\u00edmica","existingCount":1,"index":0},"timestamp":1776252990963}
{"sessionId":"99f4e2","runId":"updated","hypothesisId":"H1","location":"storePeriodo1","message":"redirecting","data":{"piar_id":2},"timestamp":1776252990972}
{"sessionId":"99f4e2","runId":"pre-fix","hypothesisId":"H-create-1","location":"app\/Http\/Controllers\/PiarController.php:create","message":"PIAR create accessed by psico","data":{"student_id":6,"has_piar":true},"timestamp":1776803395047}
{"sessionId":"99f4e2","runId":"updated","hypothesisId":"H1","location":"storePeriodo1","message":"redirecting","data":{"piar_id":1},"timestamp":1776870399551}
